2025-04-19 20:22:36,612 INFO Starting training with args: Namespace(data_dir='/j-jepa-vol/l1-jet-id/data/jetid/processed', save_dir='../runs/clusterE_noconv', cluster_E=True, cluster_F=False, batch_size=4096, num_epochs=1000, d_model=16, d_ff=16, output_dim=16, num_heads=4, proj_dim=16, val_split=0.2, num_particles=16, sort_by='pt', convolution=False)
2025-04-19 20:22:41,088 INFO Loaded x shape (620000, 16, 3), y shape (620000, 5)
2025-04-19 20:22:41,819 INFO Split into train (496000, 16, 3) and val (124000, 16, 3)
2025-04-19 20:22:44,084 INFO Model: "model"
2025-04-19 20:22:44,084 INFO _________________________________________________________________
2025-04-19 20:22:44,084 INFO  Layer (type)                Output Shape              Param #   
2025-04-19 20:22:44,084 INFO =================================================================
2025-04-19 20:22:44,085 INFO  input_1 (InputLayer)        [(None, 16, 3)]           0         
2025-04-19 20:22:44,085 INFO                                                                  
2025-04-19 20:22:44,085 INFO  dense (Dense)               (None, 16, 16)            64        
2025-04-19 20:22:44,085 INFO                                                                  
2025-04-19 20:22:44,085 INFO  linformer_transformer_bloc  (None, 16, 16)            2676      
2025-04-19 20:22:44,085 INFO  k (LinformerTransformerBlo                                      
2025-04-19 20:22:44,085 INFO  ck)                                                             
2025-04-19 20:22:44,085 INFO                                                                  
2025-04-19 20:22:44,086 INFO  aggregation_layer (Aggrega  (None, 16)                0         
2025-04-19 20:22:44,086 INFO  tionLayer)                                                      
2025-04-19 20:22:44,086 INFO                                                                  
2025-04-19 20:22:44,086 INFO  dense_3 (Dense)             (None, 16)                272       
2025-04-19 20:22:44,086 INFO                                                                  
2025-04-19 20:22:44,086 INFO  dense_4 (Dense)             (None, 5)                 85        
2025-04-19 20:22:44,086 INFO                                                                  
2025-04-19 20:22:44,086 INFO =================================================================
2025-04-19 20:22:44,087 INFO Total params: 3097 (12.10 KB)
2025-04-19 20:22:44,087 INFO Trainable params: 3097 (12.10 KB)
2025-04-19 20:22:44,087 INFO Non-trainable params: 0 (0.00 Byte)
2025-04-19 20:22:44,087 INFO _________________________________________________________________
2025-04-19 20:41:22,443 INFO Saved weights to ../runs/clusterE_noconv/16/pt/model.weights.h5
2025-04-19 20:41:22,677 INFO Saved history metrics to .npy files
2025-04-19 20:41:22,968 WARNING From /opt/conda/lib/python3.11/site-packages/tensorflow/python/profiler/internal/flops_registry.py:453: tensor_shape_from_node_def_name (from tensorflow.python.framework.graph_util_impl) is deprecated and will be removed in a future version.
Instructions for updating:
This API was designed for TensorFlow v1. See https://www.tensorflow.org/guide/migrate for instructions on how to migrate your code to TensorFlow v2.
2025-04-19 20:41:22,978 INFO FLOPs per inference: 76494
2025-04-19 20:41:23,395 INFO Avg inference time per event (ns): 4052.836
2025-04-19 20:41:23,903 INFO Validation accuracy: 0.7256
2025-04-19 20:41:24,332 INFO Saved training curves
2025-04-19 20:41:25,026 INFO 1/FPR@TPR=0.8 for g: 5.743
2025-04-19 20:41:25,026 INFO 1/FPR@TPR=0.8 for q: 6.342
2025-04-19 20:41:25,026 INFO 1/FPR@TPR=0.8 for W: 14.658
2025-04-19 20:41:25,026 INFO 1/FPR@TPR=0.8 for Z: 12.858
2025-04-19 20:41:25,026 INFO 1/FPR@TPR=0.8 for t: 16.730
2025-04-19 20:41:25,026 INFO Average 1/FPR: 11.266
2025-04-20 03:00:45,897 INFO Starting training with args: Namespace(data_dir='/j-jepa-vol/l1-jet-id/data/jetid/processed', save_dir='../runs/clusterE_noconv', cluster_E=True, cluster_F=False, batch_size=4096, num_epochs=1000, d_model=16, d_ff=16, output_dim=16, num_heads=4, proj_dim=16, val_split=0.2, num_particles=16, sort_by='pt', convolution=False)
2025-04-20 03:00:50,730 INFO Loaded x shape (620000, 16, 3), y shape (620000, 5)
2025-04-20 03:00:51,769 INFO Split into train (496000, 16, 3) and val (124000, 16, 3)
2025-04-20 03:00:53,885 INFO Model: "model"
2025-04-20 03:00:53,885 INFO _________________________________________________________________
2025-04-20 03:00:53,885 INFO  Layer (type)                Output Shape              Param #   
2025-04-20 03:00:53,885 INFO =================================================================
2025-04-20 03:00:53,885 INFO  input_1 (InputLayer)        [(None, 16, 3)]           0         
2025-04-20 03:00:53,885 INFO                                                                  
2025-04-20 03:00:53,886 INFO  dense (Dense)               (None, 16, 16)            64        
2025-04-20 03:00:53,886 INFO                                                                  
2025-04-20 03:00:53,886 INFO  linformer_transformer_bloc  (None, 16, 16)            2676      
2025-04-20 03:00:53,886 INFO  k (LinformerTransformerBlo                                      
2025-04-20 03:00:53,886 INFO  ck)                                                             
2025-04-20 03:00:53,886 INFO                                                                  
2025-04-20 03:00:53,886 INFO  aggregation_layer (Aggrega  (None, 16)                0         
2025-04-20 03:00:53,886 INFO  tionLayer)                                                      
2025-04-20 03:00:53,886 INFO                                                                  
2025-04-20 03:00:53,887 INFO  dense_3 (Dense)             (None, 16)                272       
2025-04-20 03:00:53,887 INFO                                                                  
2025-04-20 03:00:53,887 INFO  dense_4 (Dense)             (None, 5)                 85        
2025-04-20 03:00:53,887 INFO                                                                  
2025-04-20 03:00:53,887 INFO =================================================================
2025-04-20 03:00:53,888 INFO Total params: 3097 (12.10 KB)
2025-04-20 03:00:53,888 INFO Trainable params: 3097 (12.10 KB)
2025-04-20 03:00:53,888 INFO Non-trainable params: 0 (0.00 Byte)
2025-04-20 03:00:53,888 INFO _________________________________________________________________
2025-04-20 03:23:20,258 INFO Starting training with args: Namespace(data_dir='/j-jepa-vol/l1-jet-id/data/jetid/processed', save_dir='../runs/clusterE_noconv', cluster_E=True, cluster_F=False, batch_size=2048, num_epochs=2000, d_model=16, d_ff=16, output_dim=16, num_heads=4, proj_dim=16, val_split=0.2, num_particles=16, sort_by='pt', convolution=False)
