2025-04-19 20:57:37,512 INFO Starting training with args: Namespace(data_dir='/j-jepa-vol/l1-jet-id/data/jetid/processed', save_dir='../runs/clusterEF_noconv', cluster_E=True, cluster_F=True, batch_size=4096, num_epochs=1000, d_model=16, d_ff=16, output_dim=16, num_heads=4, proj_dim=16, val_split=0.2, num_particles=16, sort_by='delta_R', convolution=False)
2025-04-19 20:57:37,608 INFO Loaded x shape (620000, 16, 3), y shape (620000, 5)
2025-04-19 20:57:38,631 INFO Split into train (496000, 16, 3) and val (124000, 16, 3)
2025-04-19 20:57:40,559 INFO Model: "model"
2025-04-19 20:57:40,559 INFO _________________________________________________________________
2025-04-19 20:57:40,559 INFO  Layer (type)                Output Shape              Param #   
2025-04-19 20:57:40,559 INFO =================================================================
2025-04-19 20:57:40,559 INFO  input_1 (InputLayer)        [(None, 16, 3)]           0         
2025-04-19 20:57:40,559 INFO                                                                  
2025-04-19 20:57:40,559 INFO  dense (Dense)               (None, 16, 16)            64        
2025-04-19 20:57:40,560 INFO                                                                  
2025-04-19 20:57:40,560 INFO  linformer_transformer_bloc  (None, 16, 16)            1716      
2025-04-19 20:57:40,560 INFO  k (LinformerTransformerBlo                                      
2025-04-19 20:57:40,560 INFO  ck)                                                             
2025-04-19 20:57:40,560 INFO                                                                  
2025-04-19 20:57:40,560 INFO  aggregation_layer (Aggrega  (None, 16)                0         
2025-04-19 20:57:40,560 INFO  tionLayer)                                                      
2025-04-19 20:57:40,560 INFO                                                                  
2025-04-19 20:57:40,560 INFO  dense_3 (Dense)             (None, 16)                272       
2025-04-19 20:57:40,561 INFO                                                                  
2025-04-19 20:57:40,561 INFO  dense_4 (Dense)             (None, 5)                 85        
2025-04-19 20:57:40,561 INFO                                                                  
2025-04-19 20:57:40,561 INFO =================================================================
2025-04-19 20:57:40,562 INFO Total params: 2137 (8.35 KB)
2025-04-19 20:57:40,562 INFO Trainable params: 2137 (8.35 KB)
2025-04-19 20:57:40,562 INFO Non-trainable params: 0 (0.00 Byte)
2025-04-19 20:57:40,562 INFO _________________________________________________________________
2025-04-19 21:32:13,338 INFO Saved weights to ../runs/clusterEF_noconv/16/delta_R/model.weights.h5
2025-04-19 21:32:13,600 INFO Saved history metrics to .npy files
2025-04-19 21:32:14,002 WARNING From /opt/conda/lib/python3.11/site-packages/tensorflow/python/profiler/internal/flops_registry.py:453: tensor_shape_from_node_def_name (from tensorflow.python.framework.graph_util_impl) is deprecated and will be removed in a future version.
Instructions for updating:
This API was designed for TensorFlow v1. See https://www.tensorflow.org/guide/migrate for instructions on how to migrate your code to TensorFlow v2.
2025-04-19 21:32:14,016 INFO FLOPs per inference: 76494
2025-04-19 21:32:14,419 INFO Avg inference time per event (ns): 4286.153
2025-04-19 21:32:15,083 INFO Validation accuracy: 0.7217
2025-04-19 21:32:15,956 INFO Saved training curves
2025-04-19 21:32:16,432 INFO 1/FPR@TPR=0.8 for g: 5.610
2025-04-19 21:32:16,433 INFO 1/FPR@TPR=0.8 for q: 6.076
2025-04-19 21:32:16,433 INFO 1/FPR@TPR=0.8 for W: 13.774
2025-04-19 21:32:16,433 INFO 1/FPR@TPR=0.8 for Z: 11.673
2025-04-19 21:32:16,433 INFO 1/FPR@TPR=0.8 for t: 16.724
2025-04-19 21:32:16,433 INFO Average 1/FPR: 10.772
