2025-04-20 00:43:20,385 INFO Starting training with args: Namespace(data_dir='/j-jepa-vol/l1-jet-id/data/jetid/processed', save_dir='../runs/clusterEF_noconv', cluster_E=True, cluster_F=True, batch_size=4096, num_epochs=1000, d_model=16, d_ff=16, output_dim=16, num_heads=4, proj_dim=16, val_split=0.2, num_particles=150, sort_by='pt', convolution=False)
2025-04-20 00:58:09,575 INFO Loaded x shape (620000, 150, 3), y shape (620000, 5)
2025-04-20 00:58:23,409 INFO Split into train (496000, 150, 3) and val (124000, 150, 3)
2025-04-20 00:58:25,267 INFO Model: "model"
2025-04-20 00:58:25,267 INFO _________________________________________________________________
2025-04-20 00:58:25,267 INFO  Layer (type)                Output Shape              Param #   
2025-04-20 00:58:25,267 INFO =================================================================
2025-04-20 00:58:25,267 INFO  input_1 (InputLayer)        [(None, 150, 3)]          0         
2025-04-20 00:58:25,267 INFO                                                                  
2025-04-20 00:58:25,267 INFO  dense (Dense)               (None, 150, 16)           64        
2025-04-20 00:58:25,267 INFO                                                                  
2025-04-20 00:58:25,268 INFO  linformer_transformer_bloc  (None, 150, 16)           2868      
2025-04-20 00:58:25,268 INFO  k (LinformerTransformerBlo                                      
2025-04-20 00:58:25,268 INFO  ck)                                                             
2025-04-20 00:58:25,268 INFO                                                                  
2025-04-20 00:58:25,268 INFO  aggregation_layer (Aggrega  (None, 16)                0         
2025-04-20 00:58:25,268 INFO  tionLayer)                                                      
2025-04-20 00:58:25,268 INFO                                                                  
2025-04-20 00:58:25,268 INFO  dense_3 (Dense)             (None, 16)                272       
2025-04-20 00:58:25,268 INFO                                                                  
2025-04-20 00:58:25,269 INFO  dense_4 (Dense)             (None, 5)                 85        
2025-04-20 00:58:25,269 INFO                                                                  
2025-04-20 00:58:25,269 INFO =================================================================
2025-04-20 00:58:25,270 INFO Total params: 3289 (12.85 KB)
2025-04-20 00:58:25,270 INFO Trainable params: 3289 (12.85 KB)
2025-04-20 00:58:25,270 INFO Non-trainable params: 0 (0.00 Byte)
2025-04-20 00:58:25,270 INFO _________________________________________________________________
