2025-04-19 20:55:25,957 INFO Starting training with args: Namespace(data_dir='/j-jepa-vol/l1-jet-id/data/jetid/processed', save_dir='../runs/convolutionCluster', cluster_E=True, cluster_F=True, batch_size=4096, num_epochs=1000, d_model=16, d_ff=16, output_dim=16, num_heads=4, proj_dim=16, val_split=0.2, num_particles=16, sort_by='delta_R', convolution=True)
2025-04-19 20:55:26,081 INFO Loaded x shape (620000, 16, 3), y shape (620000, 5)
2025-04-19 20:55:27,233 INFO Split into train (496000, 16, 3) and val (124000, 16, 3)
2025-04-19 20:55:29,114 INFO Model: "model"
2025-04-19 20:55:29,114 INFO _________________________________________________________________
2025-04-19 20:55:29,114 INFO  Layer (type)                Output Shape              Param #   
2025-04-19 20:55:29,114 INFO =================================================================
2025-04-19 20:55:29,114 INFO  input_1 (InputLayer)        [(None, 16, 3)]           0         
2025-04-19 20:55:29,114 INFO                                                                  
2025-04-19 20:55:29,114 INFO  dense (Dense)               (None, 16, 16)            64        
2025-04-19 20:55:29,114 INFO                                                                  
2025-04-19 20:55:29,115 INFO  linformer_transformer_bloc  (None, 16, 16)            1716      
2025-04-19 20:55:29,115 INFO  k (LinformerTransformerBlo                                      
2025-04-19 20:55:29,115 INFO  ck)                                                             
2025-04-19 20:55:29,115 INFO                                                                  
2025-04-19 20:55:29,115 INFO  aggregation_layer (Aggrega  (None, 16)                0         
2025-04-19 20:55:29,115 INFO  tionLayer)                                                      
2025-04-19 20:55:29,115 INFO                                                                  
2025-04-19 20:55:29,115 INFO  dense_3 (Dense)             (None, 16)                272       
2025-04-19 20:55:29,115 INFO                                                                  
2025-04-19 20:55:29,115 INFO  dense_4 (Dense)             (None, 5)                 85        
2025-04-19 20:55:29,115 INFO                                                                  
2025-04-19 20:55:29,115 INFO =================================================================
2025-04-19 20:55:29,116 INFO Total params: 2137 (8.35 KB)
2025-04-19 20:55:29,116 INFO Trainable params: 2137 (8.35 KB)
2025-04-19 20:55:29,116 INFO Non-trainable params: 0 (0.00 Byte)
2025-04-19 20:55:29,116 INFO _________________________________________________________________
2025-04-19 21:30:33,648 INFO Saved weights to ../runs/convolutionCluster/16/delta_R/model.weights.h5
2025-04-19 21:30:34,255 INFO Saved history metrics to .npy files
2025-04-19 21:30:34,588 WARNING From /opt/conda/lib/python3.11/site-packages/tensorflow/python/profiler/internal/flops_registry.py:453: tensor_shape_from_node_def_name (from tensorflow.python.framework.graph_util_impl) is deprecated and will be removed in a future version.
Instructions for updating:
This API was designed for TensorFlow v1. See https://www.tensorflow.org/guide/migrate for instructions on how to migrate your code to TensorFlow v2.
2025-04-19 21:30:34,603 INFO FLOPs per inference: 76494
2025-04-19 21:30:34,949 INFO Avg inference time per event (ns): 3639.045
2025-04-19 21:30:35,595 INFO Validation accuracy: 0.7243
2025-04-19 21:30:36,308 INFO Saved training curves
2025-04-19 21:30:36,758 INFO 1/FPR@TPR=0.8 for g: 5.710
2025-04-19 21:30:36,758 INFO 1/FPR@TPR=0.8 for q: 6.231
2025-04-19 21:30:36,758 INFO 1/FPR@TPR=0.8 for W: 13.867
2025-04-19 21:30:36,758 INFO 1/FPR@TPR=0.8 for Z: 11.821
2025-04-19 21:30:36,758 INFO 1/FPR@TPR=0.8 for t: 17.579
2025-04-19 21:30:36,758 INFO Average 1/FPR: 11.042
