2025-04-20 02:29:42,425 INFO Starting training with args: Namespace(data_dir='/j-jepa-vol/l1-jet-id/data/jetid/processed', save_dir='../runs/convolutionOnly', cluster_E=False, cluster_F=False, batch_size=4096, num_epochs=1000, d_model=16, d_ff=16, output_dim=16, num_heads=4, proj_dim=16, val_split=0.2, num_particles=32, sort_by='pt', convolution=True)
2025-04-20 02:29:46,866 INFO Loaded x shape (620000, 32, 3), y shape (620000, 5)
2025-04-20 02:30:05,342 INFO Split into train (496000, 32, 3) and val (124000, 32, 3)
2025-04-20 02:30:19,318 INFO Model: "model"
2025-04-20 02:30:19,319 INFO _________________________________________________________________
2025-04-20 02:30:19,319 INFO  Layer (type)                Output Shape              Param #   
2025-04-20 02:30:19,320 INFO =================================================================
2025-04-20 02:30:19,321 INFO  input_1 (InputLayer)        [(None, 32, 3)]           0         
2025-04-20 02:30:19,322 INFO                                                                  
2025-04-20 02:30:19,323 INFO  dense (Dense)               (None, 32, 16)            64        
2025-04-20 02:30:19,324 INFO                                                                  
2025-04-20 02:30:19,327 INFO  linformer_transformer_bloc  (None, 32, 16)            5684      
2025-04-20 02:30:19,327 INFO  k (LinformerTransformerBlo                                      
2025-04-20 02:30:19,328 INFO  ck)                                                             
2025-04-20 02:30:19,328 INFO                                                                  
2025-04-20 02:30:19,329 INFO  aggregation_layer (Aggrega  (None, 16)                0         
2025-04-20 02:30:19,329 INFO  tionLayer)                                                      
2025-04-20 02:30:19,329 INFO                                                                  
2025-04-20 02:30:19,331 INFO  dense_3 (Dense)             (None, 16)                272       
2025-04-20 02:30:19,331 INFO                                                                  
2025-04-20 02:30:19,332 INFO  dense_4 (Dense)             (None, 5)                 85        
2025-04-20 02:30:19,332 INFO                                                                  
2025-04-20 02:30:19,332 INFO =================================================================
2025-04-20 02:30:19,339 INFO Total params: 6105 (23.85 KB)
2025-04-20 02:30:19,340 INFO Trainable params: 6105 (23.85 KB)
2025-04-20 02:30:19,340 INFO Non-trainable params: 0 (0.00 Byte)
2025-04-20 02:30:19,340 INFO _________________________________________________________________
