2025-04-19 23:00:28,075 INFO Starting training with args: Namespace(data_dir='/j-jepa-vol/l1-jet-id/data/jetid/processed', save_dir='../runs/clusterEF_noconv', cluster_E=True, cluster_F=True, batch_size=4096, num_epochs=1000, d_model=16, d_ff=16, output_dim=16, num_heads=4, proj_dim=16, val_split=0.2, num_particles=32, sort_by='delta_R', convolution=False)
2025-04-19 23:00:28,305 INFO Loaded x shape (620000, 32, 3), y shape (620000, 5)
2025-04-19 23:00:30,393 INFO Split into train (496000, 32, 3) and val (124000, 32, 3)
2025-04-19 23:00:32,322 INFO Model: "model"
2025-04-19 23:00:32,322 INFO _________________________________________________________________
2025-04-19 23:00:32,322 INFO  Layer (type)                Output Shape              Param #   
2025-04-19 23:00:32,322 INFO =================================================================
2025-04-19 23:00:32,323 INFO  input_1 (InputLayer)        [(None, 32, 3)]           0         
2025-04-19 23:00:32,323 INFO                                                                  
2025-04-19 23:00:32,323 INFO  dense (Dense)               (None, 32, 16)            64        
2025-04-19 23:00:32,323 INFO                                                                  
2025-04-19 23:00:32,323 INFO  linformer_transformer_bloc  (None, 32, 16)            1844      
2025-04-19 23:00:32,323 INFO  k (LinformerTransformerBlo                                      
2025-04-19 23:00:32,323 INFO  ck)                                                             
2025-04-19 23:00:32,324 INFO                                                                  
2025-04-19 23:00:32,324 INFO  aggregation_layer (Aggrega  (None, 16)                0         
2025-04-19 23:00:32,324 INFO  tionLayer)                                                      
2025-04-19 23:00:32,324 INFO                                                                  
2025-04-19 23:00:32,324 INFO  dense_3 (Dense)             (None, 16)                272       
2025-04-19 23:00:32,324 INFO                                                                  
2025-04-19 23:00:32,324 INFO  dense_4 (Dense)             (None, 5)                 85        
2025-04-19 23:00:32,324 INFO                                                                  
2025-04-19 23:00:32,324 INFO =================================================================
2025-04-19 23:00:32,325 INFO Total params: 2265 (8.85 KB)
2025-04-19 23:00:32,325 INFO Trainable params: 2265 (8.85 KB)
2025-04-19 23:00:32,325 INFO Non-trainable params: 0 (0.00 Byte)
2025-04-19 23:00:32,325 INFO _________________________________________________________________
2025-04-19 23:51:59,755 INFO Saved weights to ../runs/clusterEF_noconv/32/delta_R/model.weights.h5
2025-04-19 23:51:59,987 INFO Saved history metrics to .npy files
2025-04-19 23:52:00,328 WARNING From /opt/conda/lib/python3.11/site-packages/tensorflow/python/profiler/internal/flops_registry.py:453: tensor_shape_from_node_def_name (from tensorflow.python.framework.graph_util_impl) is deprecated and will be removed in a future version.
Instructions for updating:
This API was designed for TensorFlow v1. See https://www.tensorflow.org/guide/migrate for instructions on how to migrate your code to TensorFlow v2.
2025-04-19 23:52:00,342 INFO FLOPs per inference: 152270
2025-04-19 23:52:00,738 INFO Avg inference time per event (ns): 4245.431
2025-04-19 23:52:01,571 INFO Validation accuracy: 0.7859
2025-04-19 23:52:02,259 INFO Saved training curves
2025-04-19 23:52:02,728 INFO 1/FPR@TPR=0.8 for g: 9.366
2025-04-19 23:52:02,728 INFO 1/FPR@TPR=0.8 for q: 8.630
2025-04-19 23:52:02,728 INFO 1/FPR@TPR=0.8 for W: 33.752
2025-04-19 23:52:02,728 INFO 1/FPR@TPR=0.8 for Z: 43.538
2025-04-19 23:52:02,728 INFO 1/FPR@TPR=0.8 for t: 25.870
2025-04-19 23:52:02,728 INFO Average 1/FPR: 24.231
