2025-04-19 21:39:47,163 INFO Starting training with args: Namespace(data_dir='/j-jepa-vol/l1-jet-id/data/jetid/processed', save_dir='../runs/clusterE_noconv', cluster_E=True, cluster_F=False, batch_size=4096, num_epochs=1000, d_model=16, d_ff=16, output_dim=16, num_heads=4, proj_dim=16, val_split=0.2, num_particles=32, sort_by='delta_R', convolution=False)
2025-04-19 21:39:47,388 INFO Loaded x shape (620000, 32, 3), y shape (620000, 5)
2025-04-19 21:39:49,187 INFO Split into train (496000, 32, 3) and val (124000, 32, 3)
2025-04-19 21:39:50,990 INFO Model: "model"
2025-04-19 21:39:50,990 INFO _________________________________________________________________
2025-04-19 21:39:50,990 INFO  Layer (type)                Output Shape              Param #   
2025-04-19 21:39:50,990 INFO =================================================================
2025-04-19 21:39:50,990 INFO  input_1 (InputLayer)        [(None, 32, 3)]           0         
2025-04-19 21:39:50,990 INFO                                                                  
2025-04-19 21:39:50,991 INFO  dense (Dense)               (None, 32, 16)            64        
2025-04-19 21:39:50,991 INFO                                                                  
2025-04-19 21:39:50,991 INFO  linformer_transformer_bloc  (None, 32, 16)            3764      
2025-04-19 21:39:50,991 INFO  k (LinformerTransformerBlo                                      
2025-04-19 21:39:50,991 INFO  ck)                                                             
2025-04-19 21:39:50,991 INFO                                                                  
2025-04-19 21:39:50,991 INFO  aggregation_layer (Aggrega  (None, 16)                0         
2025-04-19 21:39:50,991 INFO  tionLayer)                                                      
2025-04-19 21:39:50,991 INFO                                                                  
2025-04-19 21:39:50,991 INFO  dense_3 (Dense)             (None, 16)                272       
2025-04-19 21:39:50,991 INFO                                                                  
2025-04-19 21:39:50,992 INFO  dense_4 (Dense)             (None, 5)                 85        
2025-04-19 21:39:50,992 INFO                                                                  
2025-04-19 21:39:50,992 INFO =================================================================
2025-04-19 21:39:50,992 INFO Total params: 4185 (16.35 KB)
2025-04-19 21:39:50,993 INFO Trainable params: 4185 (16.35 KB)
2025-04-19 21:39:50,993 INFO Non-trainable params: 0 (0.00 Byte)
2025-04-19 21:39:50,993 INFO _________________________________________________________________
2025-04-19 22:00:59,931 INFO Saved weights to ../runs/clusterE_noconv/32/delta_R/model.weights.h5
2025-04-19 22:01:00,261 INFO Saved history metrics to .npy files
2025-04-19 22:01:00,534 WARNING From /opt/conda/lib/python3.11/site-packages/tensorflow/python/profiler/internal/flops_registry.py:453: tensor_shape_from_node_def_name (from tensorflow.python.framework.graph_util_impl) is deprecated and will be removed in a future version.
Instructions for updating:
This API was designed for TensorFlow v1. See https://www.tensorflow.org/guide/migrate for instructions on how to migrate your code to TensorFlow v2.
2025-04-19 22:01:00,543 INFO FLOPs per inference: 152270
2025-04-19 22:01:00,925 INFO Avg inference time per event (ns): 4129.790
2025-04-19 22:01:01,502 INFO Validation accuracy: 0.7848
2025-04-19 22:01:02,083 INFO Saved training curves
2025-04-19 22:01:02,572 INFO 1/FPR@TPR=0.8 for g: 9.227
2025-04-19 22:01:02,572 INFO 1/FPR@TPR=0.8 for q: 8.472
2025-04-19 22:01:02,572 INFO 1/FPR@TPR=0.8 for W: 33.926
2025-04-19 22:01:02,572 INFO 1/FPR@TPR=0.8 for Z: 41.373
2025-04-19 22:01:02,573 INFO 1/FPR@TPR=0.8 for t: 25.161
2025-04-19 22:01:02,573 INFO Average 1/FPR: 23.632
