2025-04-19 22:47:16,146 INFO Starting training with args: Namespace(data_dir='/j-jepa-vol/l1-jet-id/data/jetid/processed', save_dir='../runs/baseLinformer', cluster_E=False, cluster_F=False, batch_size=4096, num_epochs=1000, d_model=16, d_ff=16, output_dim=16, num_heads=4, proj_dim=16, val_split=0.2, num_particles=150, sort_by='delta_R', convolution=False)
2025-04-19 22:47:16,712 INFO Loaded x shape (620000, 150, 3), y shape (620000, 5)
2025-04-19 22:47:21,984 INFO Split into train (496000, 150, 3) and val (124000, 150, 3)
2025-04-19 22:47:23,234 INFO Model: "model"
2025-04-19 22:47:23,234 INFO _________________________________________________________________
2025-04-19 22:47:23,234 INFO  Layer (type)                Output Shape              Param #   
2025-04-19 22:47:23,234 INFO =================================================================
2025-04-19 22:47:23,234 INFO  input_1 (InputLayer)        [(None, 150, 3)]          0         
2025-04-19 22:47:23,234 INFO                                                                  
2025-04-19 22:47:23,234 INFO  dense (Dense)               (None, 150, 16)           64        
2025-04-19 22:47:23,234 INFO                                                                  
2025-04-19 22:47:23,234 INFO  linformer_transformer_bloc  (None, 150, 16)           20788     
2025-04-19 22:47:23,234 INFO  k (LinformerTransformerBlo                                      
2025-04-19 22:47:23,234 INFO  ck)                                                             
2025-04-19 22:47:23,234 INFO                                                                  
2025-04-19 22:47:23,235 INFO  aggregation_layer (Aggrega  (None, 16)                0         
2025-04-19 22:47:23,235 INFO  tionLayer)                                                      
2025-04-19 22:47:23,235 INFO                                                                  
2025-04-19 22:47:23,235 INFO  dense_3 (Dense)             (None, 16)                272       
2025-04-19 22:47:23,235 INFO                                                                  
2025-04-19 22:47:23,235 INFO  dense_4 (Dense)             (None, 5)                 85        
2025-04-19 22:47:23,235 INFO                                                                  
2025-04-19 22:47:23,235 INFO =================================================================
2025-04-19 22:47:23,235 INFO Total params: 21209 (82.85 KB)
2025-04-19 22:47:23,235 INFO Trainable params: 21209 (82.85 KB)
2025-04-19 22:47:23,235 INFO Non-trainable params: 0 (0.00 Byte)
2025-04-19 22:47:23,235 INFO _________________________________________________________________
2025-04-19 23:34:44,351 INFO Saved weights to ../runs/baseLinformer/150/delta_R/model.weights.h5
2025-04-19 23:34:44,586 INFO Saved history metrics to .npy files
2025-04-19 23:34:44,734 WARNING From /opt/conda/lib/python3.11/site-packages/tensorflow/python/profiler/internal/flops_registry.py:453: tensor_shape_from_node_def_name (from tensorflow.python.framework.graph_util_impl) is deprecated and will be removed in a future version.
Instructions for updating:
This API was designed for TensorFlow v1. See https://www.tensorflow.org/guide/migrate for instructions on how to migrate your code to TensorFlow v2.
2025-04-19 23:34:44,739 INFO FLOPs per inference: 711118
2025-04-19 23:34:44,948 INFO Avg inference time per event (ns): 2206.411
2025-04-19 23:34:45,803 INFO Validation accuracy: 0.8023
2025-04-19 23:34:46,096 INFO Saved training curves
2025-04-19 23:34:46,572 INFO 1/FPR@TPR=0.8 for g: 12.188
2025-04-19 23:34:46,572 INFO 1/FPR@TPR=0.8 for q: 9.301
2025-04-19 23:34:46,572 INFO 1/FPR@TPR=0.8 for W: 45.863
2025-04-19 23:34:46,572 INFO 1/FPR@TPR=0.8 for Z: 65.813
2025-04-19 23:34:46,572 INFO 1/FPR@TPR=0.8 for t: 27.896
2025-04-19 23:34:46,572 INFO Average 1/FPR: 32.212
