2025-04-19 22:01:08,141 INFO Starting training with args: Namespace(data_dir='/j-jepa-vol/l1-jet-id/data/jetid/processed', save_dir='../runs/clusterE_noconv', cluster_E=True, cluster_F=False, batch_size=4096, num_epochs=1000, d_model=16, d_ff=16, output_dim=16, num_heads=4, proj_dim=16, val_split=0.2, num_particles=32, sort_by='kt', convolution=False)
2025-04-19 22:01:08,338 INFO Loaded x shape (620000, 32, 3), y shape (620000, 5)
2025-04-19 22:01:10,216 INFO Split into train (496000, 32, 3) and val (124000, 32, 3)
2025-04-19 22:01:12,230 INFO Model: "model"
2025-04-19 22:01:12,230 INFO _________________________________________________________________
2025-04-19 22:01:12,231 INFO  Layer (type)                Output Shape              Param #   
2025-04-19 22:01:12,231 INFO =================================================================
2025-04-19 22:01:12,231 INFO  input_1 (InputLayer)        [(None, 32, 3)]           0         
2025-04-19 22:01:12,231 INFO                                                                  
2025-04-19 22:01:12,231 INFO  dense (Dense)               (None, 32, 16)            64        
2025-04-19 22:01:12,231 INFO                                                                  
2025-04-19 22:01:12,231 INFO  linformer_transformer_bloc  (None, 32, 16)            3764      
2025-04-19 22:01:12,231 INFO  k (LinformerTransformerBlo                                      
2025-04-19 22:01:12,232 INFO  ck)                                                             
2025-04-19 22:01:12,232 INFO                                                                  
2025-04-19 22:01:12,232 INFO  aggregation_layer (Aggrega  (None, 16)                0         
2025-04-19 22:01:12,232 INFO  tionLayer)                                                      
2025-04-19 22:01:12,232 INFO                                                                  
2025-04-19 22:01:12,232 INFO  dense_3 (Dense)             (None, 16)                272       
2025-04-19 22:01:12,232 INFO                                                                  
2025-04-19 22:01:12,232 INFO  dense_4 (Dense)             (None, 5)                 85        
2025-04-19 22:01:12,232 INFO                                                                  
2025-04-19 22:01:12,232 INFO =================================================================
2025-04-19 22:01:12,233 INFO Total params: 4185 (16.35 KB)
2025-04-19 22:01:12,233 INFO Trainable params: 4185 (16.35 KB)
2025-04-19 22:01:12,233 INFO Non-trainable params: 0 (0.00 Byte)
2025-04-19 22:01:12,233 INFO _________________________________________________________________
2025-04-19 22:22:24,651 INFO Saved weights to ../runs/clusterE_noconv/32/kt/model.weights.h5
2025-04-19 22:22:24,939 INFO Saved history metrics to .npy files
2025-04-19 22:22:25,258 WARNING From /opt/conda/lib/python3.11/site-packages/tensorflow/python/profiler/internal/flops_registry.py:453: tensor_shape_from_node_def_name (from tensorflow.python.framework.graph_util_impl) is deprecated and will be removed in a future version.
Instructions for updating:
This API was designed for TensorFlow v1. See https://www.tensorflow.org/guide/migrate for instructions on how to migrate your code to TensorFlow v2.
2025-04-19 22:22:25,268 INFO FLOPs per inference: 152270
2025-04-19 22:22:25,662 INFO Avg inference time per event (ns): 4190.323
2025-04-19 22:22:26,287 INFO Validation accuracy: 0.7804
2025-04-19 22:22:26,908 INFO Saved training curves
2025-04-19 22:22:27,711 INFO 1/FPR@TPR=0.8 for g: 8.859
2025-04-19 22:22:27,711 INFO 1/FPR@TPR=0.8 for q: 8.321
2025-04-19 22:22:27,711 INFO 1/FPR@TPR=0.8 for W: 31.326
2025-04-19 22:22:27,711 INFO 1/FPR@TPR=0.8 for Z: 39.446
2025-04-19 22:22:27,711 INFO 1/FPR@TPR=0.8 for t: 24.020
2025-04-19 22:22:27,711 INFO Average 1/FPR: 22.394
