2025-04-19 20:14:14,736 INFO Starting training with args: Namespace(data_dir='/j-jepa-vol/l1-jet-id/data/jetid/processed', save_dir='../runs/baseLinformer', cluster_E=False, cluster_F=False, batch_size=4096, num_epochs=1000, d_model=16, d_ff=16, output_dim=16, num_heads=4, proj_dim=16, val_split=0.2, num_particles=16, sort_by='pt', convolution=False)
2025-04-19 20:14:19,390 INFO Loaded x shape (620000, 16, 3), y shape (620000, 5)
2025-04-19 20:14:20,457 INFO Split into train (496000, 16, 3) and val (124000, 16, 3)
2025-04-19 20:14:22,991 INFO Model: "model"
2025-04-19 20:14:22,991 INFO _________________________________________________________________
2025-04-19 20:14:22,991 INFO  Layer (type)                Output Shape              Param #   
2025-04-19 20:14:22,991 INFO =================================================================
2025-04-19 20:14:22,991 INFO  input_1 (InputLayer)        [(None, 16, 3)]           0         
2025-04-19 20:14:22,991 INFO                                                                  
2025-04-19 20:14:22,992 INFO  dense (Dense)               (None, 16, 16)            64        
2025-04-19 20:14:22,992 INFO                                                                  
2025-04-19 20:14:22,992 INFO  linformer_transformer_bloc  (None, 16, 16)            3636      
2025-04-19 20:14:22,992 INFO  k (LinformerTransformerBlo                                      
2025-04-19 20:14:22,992 INFO  ck)                                                             
2025-04-19 20:14:22,992 INFO                                                                  
2025-04-19 20:14:22,992 INFO  aggregation_layer (Aggrega  (None, 16)                0         
2025-04-19 20:14:22,992 INFO  tionLayer)                                                      
2025-04-19 20:14:22,992 INFO                                                                  
2025-04-19 20:14:22,992 INFO  dense_3 (Dense)             (None, 16)                272       
2025-04-19 20:14:22,992 INFO                                                                  
2025-04-19 20:14:22,993 INFO  dense_4 (Dense)             (None, 5)                 85        
2025-04-19 20:14:22,993 INFO                                                                  
2025-04-19 20:14:22,993 INFO =================================================================
2025-04-19 20:14:22,994 INFO Total params: 4057 (15.85 KB)
2025-04-19 20:14:22,994 INFO Trainable params: 4057 (15.85 KB)
2025-04-19 20:14:22,994 INFO Non-trainable params: 0 (0.00 Byte)
2025-04-19 20:14:22,994 INFO _________________________________________________________________
2025-04-19 20:19:45,898 INFO Starting training with args: Namespace(data_dir='/j-jepa-vol/l1-jet-id/data/jetid/processed', save_dir='../runs/baseLinformer', cluster_E=False, cluster_F=False, batch_size=4096, num_epochs=1000, d_model=16, d_ff=16, output_dim=16, num_heads=4, proj_dim=16, val_split=0.2, num_particles=16, sort_by='pt', convolution=False)
2025-04-19 20:19:50,576 INFO Loaded x shape (620000, 16, 3), y shape (620000, 5)
2025-04-19 20:19:52,065 INFO Split into train (496000, 16, 3) and val (124000, 16, 3)
2025-04-19 20:19:53,527 INFO Model: "model"
2025-04-19 20:19:53,527 INFO _________________________________________________________________
2025-04-19 20:19:53,527 INFO  Layer (type)                Output Shape              Param #   
2025-04-19 20:19:53,527 INFO =================================================================
2025-04-19 20:19:53,527 INFO  input_1 (InputLayer)        [(None, 16, 3)]           0         
2025-04-19 20:19:53,527 INFO                                                                  
2025-04-19 20:19:53,527 INFO  dense (Dense)               (None, 16, 16)            64        
2025-04-19 20:19:53,528 INFO                                                                  
2025-04-19 20:19:53,528 INFO  linformer_transformer_bloc  (None, 16, 16)            3636      
2025-04-19 20:19:53,528 INFO  k (LinformerTransformerBlo                                      
2025-04-19 20:19:53,528 INFO  ck)                                                             
2025-04-19 20:19:53,528 INFO                                                                  
2025-04-19 20:19:53,528 INFO  aggregation_layer (Aggrega  (None, 16)                0         
2025-04-19 20:19:53,528 INFO  tionLayer)                                                      
2025-04-19 20:19:53,528 INFO                                                                  
2025-04-19 20:19:53,528 INFO  dense_3 (Dense)             (None, 16)                272       
2025-04-19 20:19:53,528 INFO                                                                  
2025-04-19 20:19:53,528 INFO  dense_4 (Dense)             (None, 5)                 85        
2025-04-19 20:19:53,528 INFO                                                                  
2025-04-19 20:19:53,528 INFO =================================================================
2025-04-19 20:19:53,529 INFO Total params: 4057 (15.85 KB)
2025-04-19 20:19:53,529 INFO Trainable params: 4057 (15.85 KB)
2025-04-19 20:19:53,529 INFO Non-trainable params: 0 (0.00 Byte)
2025-04-19 20:19:53,529 INFO _________________________________________________________________
2025-04-19 20:36:19,240 INFO Saved weights to ../runs/baseLinformer/16/pt/model.weights.h5
2025-04-19 20:36:19,499 INFO Saved history metrics to .npy files
2025-04-19 20:36:19,657 WARNING From /opt/conda/lib/python3.11/site-packages/tensorflow/python/profiler/internal/flops_registry.py:453: tensor_shape_from_node_def_name (from tensorflow.python.framework.graph_util_impl) is deprecated and will be removed in a future version.
Instructions for updating:
This API was designed for TensorFlow v1. See https://www.tensorflow.org/guide/migrate for instructions on how to migrate your code to TensorFlow v2.
2025-04-19 20:36:19,663 INFO FLOPs per inference: 76494
2025-04-19 20:36:19,873 INFO Avg inference time per event (ns): 1978.418
2025-04-19 20:36:20,176 INFO Validation accuracy: 0.7279
2025-04-19 20:36:20,540 INFO Saved training curves
2025-04-19 20:36:21,190 INFO 1/FPR@TPR=0.8 for g: 5.823
2025-04-19 20:36:21,190 INFO 1/FPR@TPR=0.8 for q: 6.518
2025-04-19 20:36:21,190 INFO 1/FPR@TPR=0.8 for W: 14.745
2025-04-19 20:36:21,190 INFO 1/FPR@TPR=0.8 for Z: 12.586
2025-04-19 20:36:21,190 INFO 1/FPR@TPR=0.8 for t: 17.428
2025-04-19 20:36:21,191 INFO Average 1/FPR: 11.420
2025-04-20 03:01:11,099 INFO Starting training with args: Namespace(data_dir='/j-jepa-vol/l1-jet-id/data/jetid/processed', save_dir='../runs/baseLinformer', cluster_E=False, cluster_F=False, batch_size=4096, num_epochs=1000, d_model=16, d_ff=16, output_dim=16, num_heads=4, proj_dim=16, val_split=0.2, num_particles=16, sort_by='pt', convolution=False)
2025-04-20 03:01:14,949 INFO Loaded x shape (620000, 16, 3), y shape (620000, 5)
2025-04-20 03:01:23,611 INFO Split into train (496000, 16, 3) and val (124000, 16, 3)
2025-04-20 03:01:39,356 INFO Model: "model"
2025-04-20 03:01:39,357 INFO _________________________________________________________________
2025-04-20 03:01:39,357 INFO  Layer (type)                Output Shape              Param #   
2025-04-20 03:01:39,358 INFO =================================================================
2025-04-20 03:01:39,359 INFO  input_1 (InputLayer)        [(None, 16, 3)]           0         
2025-04-20 03:01:39,360 INFO                                                                  
2025-04-20 03:01:39,361 INFO  dense (Dense)               (None, 16, 16)            64        
2025-04-20 03:01:39,361 INFO                                                                  
2025-04-20 03:01:39,365 INFO  linformer_transformer_bloc  (None, 16, 16)            3636      
2025-04-20 03:01:39,365 INFO  k (LinformerTransformerBlo                                      
2025-04-20 03:01:39,366 INFO  ck)                                                             
2025-04-20 03:01:39,366 INFO                                                                  
2025-04-20 03:01:39,367 INFO  aggregation_layer (Aggrega  (None, 16)                0         
2025-04-20 03:01:39,367 INFO  tionLayer)                                                      
2025-04-20 03:01:39,367 INFO                                                                  
2025-04-20 03:01:39,368 INFO  dense_3 (Dense)             (None, 16)                272       
2025-04-20 03:01:39,369 INFO                                                                  
2025-04-20 03:01:39,370 INFO  dense_4 (Dense)             (None, 5)                 85        
2025-04-20 03:01:39,370 INFO                                                                  
2025-04-20 03:01:39,370 INFO =================================================================
2025-04-20 03:01:39,377 INFO Total params: 4057 (15.85 KB)
2025-04-20 03:01:39,378 INFO Trainable params: 4057 (15.85 KB)
2025-04-20 03:01:39,378 INFO Non-trainable params: 0 (0.00 Byte)
2025-04-20 03:01:39,378 INFO _________________________________________________________________
2025-04-20 03:10:54,132 INFO Starting training with args: Namespace(data_dir='/j-jepa-vol/l1-jet-id/data/jetid/processed', save_dir='../runs/baseLinformer', cluster_E=False, cluster_F=False, batch_size=2048, num_epochs=2000, d_model=16, d_ff=16, output_dim=16, num_heads=4, proj_dim=16, val_split=0.2, num_particles=16, sort_by='pt', convolution=False)
2025-04-20 03:10:59,000 INFO Loaded x shape (620000, 16, 3), y shape (620000, 5)
2025-04-20 03:10:59,734 INFO Split into train (496000, 16, 3) and val (124000, 16, 3)
2025-04-20 03:11:01,843 INFO Model: "model"
2025-04-20 03:11:01,843 INFO _________________________________________________________________
2025-04-20 03:11:01,843 INFO  Layer (type)                Output Shape              Param #   
2025-04-20 03:11:01,843 INFO =================================================================
2025-04-20 03:11:01,843 INFO  input_1 (InputLayer)        [(None, 16, 3)]           0         
2025-04-20 03:11:01,843 INFO                                                                  
2025-04-20 03:11:01,843 INFO  dense (Dense)               (None, 16, 16)            64        
2025-04-20 03:11:01,843 INFO                                                                  
2025-04-20 03:11:01,844 INFO  linformer_transformer_bloc  (None, 16, 16)            3636      
2025-04-20 03:11:01,844 INFO  k (LinformerTransformerBlo                                      
2025-04-20 03:11:01,844 INFO  ck)                                                             
2025-04-20 03:11:01,844 INFO                                                                  
2025-04-20 03:11:01,844 INFO  aggregation_layer (Aggrega  (None, 16)                0         
2025-04-20 03:11:01,844 INFO  tionLayer)                                                      
2025-04-20 03:11:01,844 INFO                                                                  
2025-04-20 03:11:01,844 INFO  dense_3 (Dense)             (None, 16)                272       
2025-04-20 03:11:01,844 INFO                                                                  
2025-04-20 03:11:01,844 INFO  dense_4 (Dense)             (None, 5)                 85        
2025-04-20 03:11:01,844 INFO                                                                  
2025-04-20 03:11:01,844 INFO =================================================================
2025-04-20 03:11:01,845 INFO Total params: 4057 (15.85 KB)
2025-04-20 03:11:01,845 INFO Trainable params: 4057 (15.85 KB)
2025-04-20 03:11:01,845 INFO Non-trainable params: 0 (0.00 Byte)
2025-04-20 03:11:01,845 INFO _________________________________________________________________
2025-04-20 03:23:09,413 INFO Starting training with args: Namespace(data_dir='/j-jepa-vol/l1-jet-id/data/jetid/processed', save_dir='../runs/baseLinformer', cluster_E=False, cluster_F=False, batch_size=2048, num_epochs=2000, d_model=16, d_ff=16, output_dim=16, num_heads=4, proj_dim=16, val_split=0.2, num_particles=16, sort_by='pt', convolution=False)
2025-04-20 03:23:14,017 INFO Loaded x shape (620000, 16, 3), y shape (620000, 5)
2025-04-20 03:23:14,745 INFO Split into train (496000, 16, 3) and val (124000, 16, 3)
2025-04-20 03:23:16,824 INFO Model: "model"
2025-04-20 03:23:16,825 INFO _________________________________________________________________
2025-04-20 03:23:16,825 INFO  Layer (type)                Output Shape              Param #   
2025-04-20 03:23:16,825 INFO =================================================================
2025-04-20 03:23:16,825 INFO  input_1 (InputLayer)        [(None, 16, 3)]           0         
2025-04-20 03:23:16,825 INFO                                                                  
2025-04-20 03:23:16,825 INFO  dense (Dense)               (None, 16, 16)            64        
2025-04-20 03:23:16,825 INFO                                                                  
2025-04-20 03:23:16,825 INFO  linformer_transformer_bloc  (None, 16, 16)            3636      
2025-04-20 03:23:16,826 INFO  k (LinformerTransformerBlo                                      
2025-04-20 03:23:16,826 INFO  ck)                                                             
2025-04-20 03:23:16,826 INFO                                                                  
2025-04-20 03:23:16,826 INFO  aggregation_layer (Aggrega  (None, 16)                0         
2025-04-20 03:23:16,826 INFO  tionLayer)                                                      
2025-04-20 03:23:16,826 INFO                                                                  
2025-04-20 03:23:16,826 INFO  dense_3 (Dense)             (None, 16)                272       
2025-04-20 03:23:16,826 INFO                                                                  
2025-04-20 03:23:16,826 INFO  dense_4 (Dense)             (None, 5)                 85        
2025-04-20 03:23:16,826 INFO                                                                  
2025-04-20 03:23:16,826 INFO =================================================================
2025-04-20 03:23:16,827 INFO Total params: 4057 (15.85 KB)
2025-04-20 03:23:16,827 INFO Trainable params: 4057 (15.85 KB)
2025-04-20 03:23:16,827 INFO Non-trainable params: 0 (0.00 Byte)
2025-04-20 03:23:16,827 INFO _________________________________________________________________
