2025-04-19 21:59:48,280 INFO Starting training with args: Namespace(data_dir='/j-jepa-vol/l1-jet-id/data/jetid/processed', save_dir='../runs/baseLinformer', cluster_E=False, cluster_F=False, batch_size=4096, num_epochs=1000, d_model=16, d_ff=16, output_dim=16, num_heads=4, proj_dim=16, val_split=0.2, num_particles=150, sort_by='pt', convolution=False)
2025-04-19 22:00:01,666 INFO Loaded x shape (620000, 150, 3), y shape (620000, 5)
2025-04-19 22:00:06,487 INFO Split into train (496000, 150, 3) and val (124000, 150, 3)
2025-04-19 22:00:07,698 INFO Model: "model"
2025-04-19 22:00:07,698 INFO _________________________________________________________________
2025-04-19 22:00:07,698 INFO  Layer (type)                Output Shape              Param #   
2025-04-19 22:00:07,698 INFO =================================================================
2025-04-19 22:00:07,698 INFO  input_1 (InputLayer)        [(None, 150, 3)]          0         
2025-04-19 22:00:07,698 INFO                                                                  
2025-04-19 22:00:07,698 INFO  dense (Dense)               (None, 150, 16)           64        
2025-04-19 22:00:07,698 INFO                                                                  
2025-04-19 22:00:07,698 INFO  linformer_transformer_bloc  (None, 150, 16)           20788     
2025-04-19 22:00:07,698 INFO  k (LinformerTransformerBlo                                      
2025-04-19 22:00:07,698 INFO  ck)                                                             
2025-04-19 22:00:07,698 INFO                                                                  
2025-04-19 22:00:07,698 INFO  aggregation_layer (Aggrega  (None, 16)                0         
2025-04-19 22:00:07,699 INFO  tionLayer)                                                      
2025-04-19 22:00:07,699 INFO                                                                  
2025-04-19 22:00:07,699 INFO  dense_3 (Dense)             (None, 16)                272       
2025-04-19 22:00:07,699 INFO                                                                  
2025-04-19 22:00:07,699 INFO  dense_4 (Dense)             (None, 5)                 85        
2025-04-19 22:00:07,699 INFO                                                                  
2025-04-19 22:00:07,699 INFO =================================================================
2025-04-19 22:00:07,699 INFO Total params: 21209 (82.85 KB)
2025-04-19 22:00:07,699 INFO Trainable params: 21209 (82.85 KB)
2025-04-19 22:00:07,699 INFO Non-trainable params: 0 (0.00 Byte)
2025-04-19 22:00:07,699 INFO _________________________________________________________________
2025-04-19 22:47:09,867 INFO Saved weights to ../runs/baseLinformer/150/pt/model.weights.h5
2025-04-19 22:47:10,150 INFO Saved history metrics to .npy files
2025-04-19 22:47:10,310 WARNING From /opt/conda/lib/python3.11/site-packages/tensorflow/python/profiler/internal/flops_registry.py:453: tensor_shape_from_node_def_name (from tensorflow.python.framework.graph_util_impl) is deprecated and will be removed in a future version.
Instructions for updating:
This API was designed for TensorFlow v1. See https://www.tensorflow.org/guide/migrate for instructions on how to migrate your code to TensorFlow v2.
2025-04-19 22:47:10,315 INFO FLOPs per inference: 711118
2025-04-19 22:47:10,534 INFO Avg inference time per event (ns): 2313.809
2025-04-19 22:47:11,454 INFO Validation accuracy: 0.7971
2025-04-19 22:47:11,829 INFO Saved training curves
2025-04-19 22:47:12,330 INFO 1/FPR@TPR=0.8 for g: 11.555
2025-04-19 22:47:12,330 INFO 1/FPR@TPR=0.8 for q: 9.222
2025-04-19 22:47:12,330 INFO 1/FPR@TPR=0.8 for W: 43.523
2025-04-19 22:47:12,331 INFO 1/FPR@TPR=0.8 for Z: 54.753
2025-04-19 22:47:12,331 INFO 1/FPR@TPR=0.8 for t: 26.686
2025-04-19 22:47:12,331 INFO Average 1/FPR: 29.148
