2025-04-19 23:50:45,635 INFO Starting training with args: Namespace(data_dir='/j-jepa-vol/l1-jet-id/data/jetid/processed', save_dir='../runs/convolutionCluster', cluster_E=True, cluster_F=True, batch_size=4096, num_epochs=1000, d_model=16, d_ff=16, output_dim=16, num_heads=4, proj_dim=16, val_split=0.2, num_particles=32, sort_by='kt', convolution=True)
2025-04-19 23:50:45,897 INFO Loaded x shape (620000, 32, 3), y shape (620000, 5)
2025-04-19 23:50:48,275 INFO Split into train (496000, 32, 3) and val (124000, 32, 3)
2025-04-19 23:50:50,181 INFO Model: "model"
2025-04-19 23:50:50,181 INFO _________________________________________________________________
2025-04-19 23:50:50,181 INFO  Layer (type)                Output Shape              Param #   
2025-04-19 23:50:50,181 INFO =================================================================
2025-04-19 23:50:50,182 INFO  input_1 (InputLayer)        [(None, 32, 3)]           0         
2025-04-19 23:50:50,182 INFO                                                                  
2025-04-19 23:50:50,182 INFO  dense (Dense)               (None, 32, 16)            64        
2025-04-19 23:50:50,182 INFO                                                                  
2025-04-19 23:50:50,182 INFO  linformer_transformer_bloc  (None, 32, 16)            1844      
2025-04-19 23:50:50,182 INFO  k (LinformerTransformerBlo                                      
2025-04-19 23:50:50,182 INFO  ck)                                                             
2025-04-19 23:50:50,182 INFO                                                                  
2025-04-19 23:50:50,182 INFO  aggregation_layer (Aggrega  (None, 16)                0         
2025-04-19 23:50:50,183 INFO  tionLayer)                                                      
2025-04-19 23:50:50,183 INFO                                                                  
2025-04-19 23:50:50,183 INFO  dense_3 (Dense)             (None, 16)                272       
2025-04-19 23:50:50,183 INFO                                                                  
2025-04-19 23:50:50,183 INFO  dense_4 (Dense)             (None, 5)                 85        
2025-04-19 23:50:50,183 INFO                                                                  
2025-04-19 23:50:50,183 INFO =================================================================
2025-04-19 23:50:50,184 INFO Total params: 2265 (8.85 KB)
2025-04-19 23:50:50,184 INFO Trainable params: 2265 (8.85 KB)
2025-04-19 23:50:50,184 INFO Non-trainable params: 0 (0.00 Byte)
2025-04-19 23:50:50,184 INFO _________________________________________________________________
2025-04-20 00:43:01,447 INFO Saved weights to ../runs/convolutionCluster/32/kt/model.weights.h5
2025-04-20 00:43:01,683 INFO Saved history metrics to .npy files
2025-04-20 00:43:02,041 WARNING From /opt/conda/lib/python3.11/site-packages/tensorflow/python/profiler/internal/flops_registry.py:453: tensor_shape_from_node_def_name (from tensorflow.python.framework.graph_util_impl) is deprecated and will be removed in a future version.
Instructions for updating:
This API was designed for TensorFlow v1. See https://www.tensorflow.org/guide/migrate for instructions on how to migrate your code to TensorFlow v2.
2025-04-20 00:43:02,058 INFO FLOPs per inference: 152270
2025-04-20 00:43:02,444 INFO Avg inference time per event (ns): 4055.885
2025-04-20 00:43:03,306 INFO Validation accuracy: 0.7843
2025-04-20 00:43:03,982 INFO Saved training curves
2025-04-20 00:43:04,409 INFO 1/FPR@TPR=0.8 for g: 9.018
2025-04-20 00:43:04,409 INFO 1/FPR@TPR=0.8 for q: 8.351
2025-04-20 00:43:04,409 INFO 1/FPR@TPR=0.8 for W: 34.195
2025-04-20 00:43:04,409 INFO 1/FPR@TPR=0.8 for Z: 43.328
2025-04-20 00:43:04,409 INFO 1/FPR@TPR=0.8 for t: 23.841
2025-04-20 00:43:04,409 INFO Average 1/FPR: 23.747
