2025-04-20 00:05:22,283 INFO Starting training with args: Namespace(data_dir='/j-jepa-vol/l1-jet-id/data/jetid/processed', save_dir='../runs/clusterE_noconv', cluster_E=True, cluster_F=False, batch_size=4096, num_epochs=1000, d_model=16, d_ff=16, output_dim=16, num_heads=4, proj_dim=16, val_split=0.2, num_particles=150, sort_by='kt', convolution=False)
2025-04-20 00:05:23,179 INFO Loaded x shape (620000, 150, 3), y shape (620000, 5)
2025-04-20 00:05:31,274 INFO Split into train (496000, 150, 3) and val (124000, 150, 3)
2025-04-20 00:05:33,093 INFO Model: "model"
2025-04-20 00:05:33,093 INFO _________________________________________________________________
2025-04-20 00:05:33,093 INFO  Layer (type)                Output Shape              Param #   
2025-04-20 00:05:33,093 INFO =================================================================
2025-04-20 00:05:33,093 INFO  input_1 (InputLayer)        [(None, 150, 3)]          0         
2025-04-20 00:05:33,093 INFO                                                                  
2025-04-20 00:05:33,093 INFO  dense (Dense)               (None, 150, 16)           64        
2025-04-20 00:05:33,093 INFO                                                                  
2025-04-20 00:05:33,094 INFO  linformer_transformer_bloc  (None, 150, 16)           11828     
2025-04-20 00:05:33,094 INFO  k (LinformerTransformerBlo                                      
2025-04-20 00:05:33,094 INFO  ck)                                                             
2025-04-20 00:05:33,094 INFO                                                                  
2025-04-20 00:05:33,094 INFO  aggregation_layer (Aggrega  (None, 16)                0         
2025-04-20 00:05:33,094 INFO  tionLayer)                                                      
2025-04-20 00:05:33,094 INFO                                                                  
2025-04-20 00:05:33,094 INFO  dense_3 (Dense)             (None, 16)                272       
2025-04-20 00:05:33,094 INFO                                                                  
2025-04-20 00:05:33,094 INFO  dense_4 (Dense)             (None, 5)                 85        
2025-04-20 00:05:33,094 INFO                                                                  
2025-04-20 00:05:33,094 INFO =================================================================
2025-04-20 00:05:33,095 INFO Total params: 12249 (47.85 KB)
2025-04-20 00:05:33,095 INFO Trainable params: 12249 (47.85 KB)
2025-04-20 00:05:33,095 INFO Non-trainable params: 0 (0.00 Byte)
2025-04-20 00:05:33,095 INFO _________________________________________________________________
2025-04-20 00:56:25,284 INFO Saved weights to ../runs/clusterE_noconv/150/kt/model.weights.h5
2025-04-20 00:56:25,551 INFO Saved history metrics to .npy files
2025-04-20 00:56:25,867 WARNING From /opt/conda/lib/python3.11/site-packages/tensorflow/python/profiler/internal/flops_registry.py:453: tensor_shape_from_node_def_name (from tensorflow.python.framework.graph_util_impl) is deprecated and will be removed in a future version.
Instructions for updating:
This API was designed for TensorFlow v1. See https://www.tensorflow.org/guide/migrate for instructions on how to migrate your code to TensorFlow v2.
2025-04-20 00:56:25,877 INFO FLOPs per inference: 711118
2025-04-20 00:56:26,391 INFO Avg inference time per event (ns): 5330.270
2025-04-20 00:56:27,772 INFO Validation accuracy: 0.8023
2025-04-20 00:56:28,206 INFO Saved training curves
2025-04-20 00:56:28,609 INFO 1/FPR@TPR=0.8 for g: 12.401
2025-04-20 00:56:28,609 INFO 1/FPR@TPR=0.8 for q: 9.124
2025-04-20 00:56:28,609 INFO 1/FPR@TPR=0.8 for W: 45.049
2025-04-20 00:56:28,609 INFO 1/FPR@TPR=0.8 for Z: 59.739
2025-04-20 00:56:28,609 INFO 1/FPR@TPR=0.8 for t: 29.446
2025-04-20 00:56:28,609 INFO Average 1/FPR: 31.152
