2025-04-19 23:06:59,811 INFO Starting training with args: Namespace(data_dir='/j-jepa-vol/l1-jet-id/data/jetid/processed', save_dir='../runs/convolutionOnly', cluster_E=False, cluster_F=False, batch_size=4096, num_epochs=1000, d_model=16, d_ff=16, output_dim=16, num_heads=4, proj_dim=16, val_split=0.2, num_particles=16, sort_by='delta_R', convolution=True)
2025-04-19 23:07:00,416 INFO Loaded x shape (620000, 16, 3), y shape (620000, 5)
2025-04-19 23:07:09,725 INFO Split into train (496000, 16, 3) and val (124000, 16, 3)
2025-04-19 23:07:25,195 INFO Model: "model"
2025-04-19 23:07:25,196 INFO _________________________________________________________________
2025-04-19 23:07:25,196 INFO  Layer (type)                Output Shape              Param #   
2025-04-19 23:07:25,197 INFO =================================================================
2025-04-19 23:07:25,198 INFO  input_1 (InputLayer)        [(None, 16, 3)]           0         
2025-04-19 23:07:25,199 INFO                                                                  
2025-04-19 23:07:25,200 INFO  dense (Dense)               (None, 16, 16)            64        
2025-04-19 23:07:25,200 INFO                                                                  
2025-04-19 23:07:25,204 INFO  linformer_transformer_bloc  (None, 16, 16)            3636      
2025-04-19 23:07:25,204 INFO  k (LinformerTransformerBlo                                      
2025-04-19 23:07:25,204 INFO  ck)                                                             
2025-04-19 23:07:25,205 INFO                                                                  
2025-04-19 23:07:25,205 INFO  aggregation_layer (Aggrega  (None, 16)                0         
2025-04-19 23:07:25,206 INFO  tionLayer)                                                      
2025-04-19 23:07:25,206 INFO                                                                  
2025-04-19 23:07:25,207 INFO  dense_3 (Dense)             (None, 16)                272       
2025-04-19 23:07:25,208 INFO                                                                  
2025-04-19 23:07:25,208 INFO  dense_4 (Dense)             (None, 5)                 85        
2025-04-19 23:07:25,209 INFO                                                                  
2025-04-19 23:07:25,209 INFO =================================================================
2025-04-19 23:07:25,216 INFO Total params: 4057 (15.85 KB)
2025-04-19 23:07:25,216 INFO Trainable params: 4057 (15.85 KB)
2025-04-19 23:07:25,216 INFO Non-trainable params: 0 (0.00 Byte)
2025-04-19 23:07:25,217 INFO _________________________________________________________________
2025-04-20 00:46:55,026 INFO Saved weights to ../runs/convolutionOnly/16/delta_R/model.weights.h5
2025-04-20 00:46:55,144 INFO Saved history metrics to .npy files
2025-04-20 00:46:57,262 WARNING From /opt/conda/lib/python3.11/site-packages/tensorflow/python/profiler/internal/flops_registry.py:453: tensor_shape_from_node_def_name (from tensorflow.python.framework.graph_util_impl) is deprecated and will be removed in a future version.
Instructions for updating:
This API was designed for TensorFlow v1. See https://www.tensorflow.org/guide/migrate for instructions on how to migrate your code to TensorFlow v2.
2025-04-20 00:46:57,351 INFO FLOPs per inference: 76494
2025-04-20 00:46:59,694 INFO Avg inference time per event (ns): 24978.742
2025-04-20 00:47:03,471 INFO Validation accuracy: 0.7254
2025-04-20 00:47:06,337 INFO Saved training curves
2025-04-20 00:47:10,731 INFO 1/FPR@TPR=0.8 for g: 5.822
2025-04-20 00:47:10,731 INFO 1/FPR@TPR=0.8 for q: 6.159
2025-04-20 00:47:10,732 INFO 1/FPR@TPR=0.8 for W: 14.234
2025-04-20 00:47:10,732 INFO 1/FPR@TPR=0.8 for Z: 12.482
2025-04-20 00:47:10,732 INFO 1/FPR@TPR=0.8 for t: 17.864
2025-04-20 00:47:10,733 INFO Average 1/FPR: 11.312
