2025-04-19 22:22:33,106 INFO Starting training with args: Namespace(data_dir='/j-jepa-vol/l1-jet-id/data/jetid/processed', save_dir='../runs/clusterE_noconv', cluster_E=True, cluster_F=False, batch_size=4096, num_epochs=1000, d_model=16, d_ff=16, output_dim=16, num_heads=4, proj_dim=16, val_split=0.2, num_particles=150, sort_by='pt', convolution=False)
2025-04-19 22:22:50,410 INFO Loaded x shape (620000, 150, 3), y shape (620000, 5)
2025-04-19 22:22:57,036 INFO Split into train (496000, 150, 3) and val (124000, 150, 3)
2025-04-19 22:22:58,827 INFO Model: "model"
2025-04-19 22:22:58,827 INFO _________________________________________________________________
2025-04-19 22:22:58,828 INFO  Layer (type)                Output Shape              Param #   
2025-04-19 22:22:58,828 INFO =================================================================
2025-04-19 22:22:58,828 INFO  input_1 (InputLayer)        [(None, 150, 3)]          0         
2025-04-19 22:22:58,828 INFO                                                                  
2025-04-19 22:22:58,828 INFO  dense (Dense)               (None, 150, 16)           64        
2025-04-19 22:22:58,828 INFO                                                                  
2025-04-19 22:22:58,828 INFO  linformer_transformer_bloc  (None, 150, 16)           11828     
2025-04-19 22:22:58,828 INFO  k (LinformerTransformerBlo                                      
2025-04-19 22:22:58,828 INFO  ck)                                                             
2025-04-19 22:22:58,828 INFO                                                                  
2025-04-19 22:22:58,829 INFO  aggregation_layer (Aggrega  (None, 16)                0         
2025-04-19 22:22:58,829 INFO  tionLayer)                                                      
2025-04-19 22:22:58,829 INFO                                                                  
2025-04-19 22:22:58,829 INFO  dense_3 (Dense)             (None, 16)                272       
2025-04-19 22:22:58,829 INFO                                                                  
2025-04-19 22:22:58,829 INFO  dense_4 (Dense)             (None, 5)                 85        
2025-04-19 22:22:58,829 INFO                                                                  
2025-04-19 22:22:58,829 INFO =================================================================
2025-04-19 22:22:58,830 INFO Total params: 12249 (47.85 KB)
2025-04-19 22:22:58,830 INFO Trainable params: 12249 (47.85 KB)
2025-04-19 22:22:58,830 INFO Non-trainable params: 0 (0.00 Byte)
2025-04-19 22:22:58,830 INFO _________________________________________________________________
2025-04-19 23:14:22,219 INFO Saved weights to ../runs/clusterE_noconv/150/pt/model.weights.h5
2025-04-19 23:14:22,441 INFO Saved history metrics to .npy files
2025-04-19 23:14:22,709 WARNING From /opt/conda/lib/python3.11/site-packages/tensorflow/python/profiler/internal/flops_registry.py:453: tensor_shape_from_node_def_name (from tensorflow.python.framework.graph_util_impl) is deprecated and will be removed in a future version.
Instructions for updating:
This API was designed for TensorFlow v1. See https://www.tensorflow.org/guide/migrate for instructions on how to migrate your code to TensorFlow v2.
2025-04-19 23:14:22,718 INFO FLOPs per inference: 711118
2025-04-19 23:14:23,144 INFO Avg inference time per event (ns): 4628.778
2025-04-19 23:14:24,352 INFO Validation accuracy: 0.8049
2025-04-19 23:14:24,769 INFO Saved training curves
2025-04-19 23:14:25,161 INFO 1/FPR@TPR=0.8 for g: 12.682
2025-04-19 23:14:25,162 INFO 1/FPR@TPR=0.8 for q: 9.436
2025-04-19 23:14:25,162 INFO 1/FPR@TPR=0.8 for W: 49.737
2025-04-19 23:14:25,162 INFO 1/FPR@TPR=0.8 for Z: 75.093
2025-04-19 23:14:25,162 INFO 1/FPR@TPR=0.8 for t: 30.602
2025-04-19 23:14:25,162 INFO Average 1/FPR: 35.510
