2025-07-26 10:30:22,870 INFO Args: Namespace(data_dir='/part-vol-3/modelnet10/', save_dir='../runs/modelnet10/transformer/', dataset='modelnet10', sort_by='cluster', batch_size=128, val_split=0.2, num_particles=1024, d_model=16, d_ff=16, num_heads=4, num_layers=1, convolution=False)
2025-07-26 10:30:26,199 INFO Loaded TRAIN x=(3192, 1024, 3) y=(3192, 10); VAL x=(799, 1024, 3) y=(799, 10)
2025-07-26 10:30:26,199 INFO Skipping sorting for modelnet10 TRAIN/VAL
2025-07-26 10:30:27,841 INFO Model: "model"
2025-07-26 10:30:27,841 INFO __________________________________________________________________________________________________
2025-07-26 10:30:27,841 INFO  Layer (type)                Output Shape                 Param #   Connected to                  
2025-07-26 10:30:27,841 INFO ==================================================================================================
2025-07-26 10:30:27,841 INFO  input_1 (InputLayer)        [(None, 1024, 3)]            0         []                            
2025-07-26 10:30:27,842 INFO                                                                                                   
2025-07-26 10:30:27,842 INFO  dense (Dense)               (None, 1024, 16)             64        ['input_1[0][0]']             
2025-07-26 10:30:27,842 INFO                                                                                                   
2025-07-26 10:30:27,842 INFO  standard_transformer_block  (None, 1024, 16)             1588      ['dense[0][0]',               
2025-07-26 10:30:27,842 INFO   (StandardTransformerBlock                                          'input_1[0][0]']             
2025-07-26 10:30:27,842 INFO  )                                                                                                
2025-07-26 10:30:27,842 INFO                                                                                                   
2025-07-26 10:30:27,842 INFO  aggregation_layer (Aggrega  (None, 16)                   0         ['standard_transformer_block[0
2025-07-26 10:30:27,842 INFO  tionLayer)                                                         ][0]']                        
2025-07-26 10:30:27,842 INFO                                                                                                   
2025-07-26 10:30:27,842 INFO  dense_4 (Dense)             (None, 16)                   272       ['aggregation_layer[0][0]']   
2025-07-26 10:30:27,842 INFO                                                                                                   
2025-07-26 10:30:27,842 INFO  dense_5 (Dense)             (None, 10)                   170       ['dense_4[0][0]']             
2025-07-26 10:30:27,842 INFO                                                                                                   
2025-07-26 10:30:27,842 INFO ==================================================================================================
2025-07-26 10:30:27,843 INFO Total params: 2094 (8.18 KB)
2025-07-26 10:30:27,843 INFO Trainable params: 2094 (8.18 KB)
2025-07-26 10:30:27,843 INFO Non-trainable params: 0 (0.00 Byte)
2025-07-26 10:30:27,843 INFO __________________________________________________________________________________________________
2025-07-26 10:30:27,843 INFO Total params: 2094
2025-07-26 10:30:27,843 INFO Schedule: [(128, 2000)]
2025-07-26 10:44:02,072 INFO Starting test phase for modelnet10
2025-07-26 10:44:03,984 INFO Loaded TEST: x=(908, 1024, 3), y=(908,)
2025-07-26 10:44:03,984 INFO Skipping sorting for modelnet10 TEST
2025-07-26 10:44:04,166 WARNING From /opt/conda/lib/python3.11/site-packages/tensorflow/python/profiler/internal/flops_registry.py:453: tensor_shape_from_node_def_name (from tensorflow.python.framework.graph_util_impl) is deprecated and will be removed in a future version.
Instructions for updating:
This API was designed for TensorFlow v1. See https://www.tensorflow.org/guide/migrate for instructions on how to migrate your code to TensorFlow v2.
2025-07-26 10:44:04,173 INFO FLOPs per inference: 95683468, MACs: 47841734
2025-07-26 10:44:06,093 INFO Avg inference time/event: 666269.57 ns
2025-07-26 10:44:06,301 INFO GPU memory current: 54.5 MB, peak: 6230.2 MB
2025-07-26 10:44:06,849 INFO Test Accuracy: 0.8601, ROC AUC: 0.9873
