2025-04-19 20:51:53,391 INFO Starting training with args: Namespace(data_dir='/j-jepa-vol/l1-jet-id/data/jetid/processed', save_dir='../runs/baseLinformer', cluster_E=False, cluster_F=False, batch_size=4096, num_epochs=1000, d_model=16, d_ff=16, output_dim=16, num_heads=4, proj_dim=16, val_split=0.2, num_particles=16, sort_by='kt', convolution=False)
2025-04-19 20:51:53,449 INFO Loaded x shape (620000, 16, 3), y shape (620000, 5)
2025-04-19 20:51:54,032 INFO Split into train (496000, 16, 3) and val (124000, 16, 3)
2025-04-19 20:51:55,266 INFO Model: "model"
2025-04-19 20:51:55,266 INFO _________________________________________________________________
2025-04-19 20:51:55,266 INFO  Layer (type)                Output Shape              Param #   
2025-04-19 20:51:55,266 INFO =================================================================
2025-04-19 20:51:55,266 INFO  input_1 (InputLayer)        [(None, 16, 3)]           0         
2025-04-19 20:51:55,266 INFO                                                                  
2025-04-19 20:51:55,266 INFO  dense (Dense)               (None, 16, 16)            64        
2025-04-19 20:51:55,266 INFO                                                                  
2025-04-19 20:51:55,267 INFO  linformer_transformer_bloc  (None, 16, 16)            3636      
2025-04-19 20:51:55,267 INFO  k (LinformerTransformerBlo                                      
2025-04-19 20:51:55,267 INFO  ck)                                                             
2025-04-19 20:51:55,267 INFO                                                                  
2025-04-19 20:51:55,267 INFO  aggregation_layer (Aggrega  (None, 16)                0         
2025-04-19 20:51:55,267 INFO  tionLayer)                                                      
2025-04-19 20:51:55,267 INFO                                                                  
2025-04-19 20:51:55,267 INFO  dense_3 (Dense)             (None, 16)                272       
2025-04-19 20:51:55,267 INFO                                                                  
2025-04-19 20:51:55,267 INFO  dense_4 (Dense)             (None, 5)                 85        
2025-04-19 20:51:55,267 INFO                                                                  
2025-04-19 20:51:55,267 INFO =================================================================
2025-04-19 20:51:55,267 INFO Total params: 4057 (15.85 KB)
2025-04-19 20:51:55,267 INFO Trainable params: 4057 (15.85 KB)
2025-04-19 20:51:55,267 INFO Non-trainable params: 0 (0.00 Byte)
2025-04-19 20:51:55,267 INFO _________________________________________________________________
2025-04-19 21:07:26,848 INFO Saved weights to ../runs/baseLinformer/16/kt/model.weights.h5
2025-04-19 21:07:27,126 INFO Saved history metrics to .npy files
2025-04-19 21:07:27,275 WARNING From /opt/conda/lib/python3.11/site-packages/tensorflow/python/profiler/internal/flops_registry.py:453: tensor_shape_from_node_def_name (from tensorflow.python.framework.graph_util_impl) is deprecated and will be removed in a future version.
Instructions for updating:
This API was designed for TensorFlow v1. See https://www.tensorflow.org/guide/migrate for instructions on how to migrate your code to TensorFlow v2.
2025-04-19 21:07:27,280 INFO FLOPs per inference: 76494
2025-04-19 21:07:27,455 INFO Avg inference time per event (ns): 1857.877
2025-04-19 21:07:27,743 INFO Validation accuracy: 0.7237
2025-04-19 21:07:28,012 INFO Saved training curves
2025-04-19 21:07:28,411 INFO 1/FPR@TPR=0.8 for g: 5.556
2025-04-19 21:07:28,411 INFO 1/FPR@TPR=0.8 for q: 6.274
2025-04-19 21:07:28,411 INFO 1/FPR@TPR=0.8 for W: 14.132
2025-04-19 21:07:28,411 INFO 1/FPR@TPR=0.8 for Z: 12.316
2025-04-19 21:07:28,411 INFO 1/FPR@TPR=0.8 for t: 16.643
2025-04-19 21:07:28,411 INFO Average 1/FPR: 10.984
