2025-04-19 20:46:40,173 INFO Starting training with args: Namespace(data_dir='/j-jepa-vol/l1-jet-id/data/jetid/processed', save_dir='../runs/clusterF_noconv', cluster_E=False, cluster_F=True, batch_size=4096, num_epochs=1000, d_model=16, d_ff=16, output_dim=16, num_heads=4, proj_dim=16, val_split=0.2, num_particles=16, sort_by='delta_R', convolution=False)
2025-04-19 20:46:40,312 INFO Loaded x shape (620000, 16, 3), y shape (620000, 5)
2025-04-19 20:46:41,145 INFO Split into train (496000, 16, 3) and val (124000, 16, 3)
2025-04-19 20:46:42,894 INFO Model: "model"
2025-04-19 20:46:42,894 INFO _________________________________________________________________
2025-04-19 20:46:42,894 INFO  Layer (type)                Output Shape              Param #   
2025-04-19 20:46:42,894 INFO =================================================================
2025-04-19 20:46:42,894 INFO  input_1 (InputLayer)        [(None, 16, 3)]           0         
2025-04-19 20:46:42,894 INFO                                                                  
2025-04-19 20:46:42,895 INFO  dense (Dense)               (None, 16, 16)            64        
2025-04-19 20:46:42,895 INFO                                                                  
2025-04-19 20:46:42,895 INFO  linformer_transformer_bloc  (None, 16, 16)            2676      
2025-04-19 20:46:42,895 INFO  k (LinformerTransformerBlo                                      
2025-04-19 20:46:42,895 INFO  ck)                                                             
2025-04-19 20:46:42,896 INFO                                                                  
2025-04-19 20:46:42,896 INFO  aggregation_layer (Aggrega  (None, 16)                0         
2025-04-19 20:46:42,896 INFO  tionLayer)                                                      
2025-04-19 20:46:42,896 INFO                                                                  
2025-04-19 20:46:42,896 INFO  dense_3 (Dense)             (None, 16)                272       
2025-04-19 20:46:42,896 INFO                                                                  
2025-04-19 20:46:42,896 INFO  dense_4 (Dense)             (None, 5)                 85        
2025-04-19 20:46:42,896 INFO                                                                  
2025-04-19 20:46:42,896 INFO =================================================================
2025-04-19 20:46:42,897 INFO Total params: 3097 (12.10 KB)
2025-04-19 20:46:42,898 INFO Trainable params: 3097 (12.10 KB)
2025-04-19 20:46:42,898 INFO Non-trainable params: 0 (0.00 Byte)
2025-04-19 20:46:42,898 INFO _________________________________________________________________
2025-04-19 21:10:37,499 INFO Saved weights to ../runs/clusterF_noconv/16/delta_R/model.weights.h5
2025-04-19 21:10:37,722 INFO Saved history metrics to .npy files
2025-04-19 21:10:38,014 WARNING From /opt/conda/lib/python3.11/site-packages/tensorflow/python/profiler/internal/flops_registry.py:453: tensor_shape_from_node_def_name (from tensorflow.python.framework.graph_util_impl) is deprecated and will be removed in a future version.
Instructions for updating:
This API was designed for TensorFlow v1. See https://www.tensorflow.org/guide/migrate for instructions on how to migrate your code to TensorFlow v2.
2025-04-19 21:10:38,024 INFO FLOPs per inference: 76494
2025-04-19 21:10:38,365 INFO Avg inference time per event (ns): 3573.350
2025-04-19 21:10:38,891 INFO Validation accuracy: 0.7258
2025-04-19 21:10:39,585 INFO Saved training curves
2025-04-19 21:10:39,976 INFO 1/FPR@TPR=0.8 for g: 5.801
2025-04-19 21:10:39,976 INFO 1/FPR@TPR=0.8 for q: 6.288
2025-04-19 21:10:39,976 INFO 1/FPR@TPR=0.8 for W: 13.985
2025-04-19 21:10:39,976 INFO 1/FPR@TPR=0.8 for Z: 12.387
2025-04-19 21:10:39,976 INFO 1/FPR@TPR=0.8 for t: 17.768
2025-04-19 21:10:39,976 INFO Average 1/FPR: 11.246
