2025-04-19 21:34:41,565 INFO Starting training with args: Namespace(data_dir='/j-jepa-vol/l1-jet-id/data/jetid/processed', save_dir='../runs/clusterF_noconv', cluster_E=False, cluster_F=True, batch_size=4096, num_epochs=1000, d_model=16, d_ff=16, output_dim=16, num_heads=4, proj_dim=16, val_split=0.2, num_particles=32, sort_by='pt', convolution=False)
2025-04-19 21:34:47,436 INFO Loaded x shape (620000, 32, 3), y shape (620000, 5)
2025-04-19 21:34:48,975 INFO Split into train (496000, 32, 3) and val (124000, 32, 3)
2025-04-19 21:34:50,739 INFO Model: "model"
2025-04-19 21:34:50,739 INFO _________________________________________________________________
2025-04-19 21:34:50,739 INFO  Layer (type)                Output Shape              Param #   
2025-04-19 21:34:50,739 INFO =================================================================
2025-04-19 21:34:50,739 INFO  input_1 (InputLayer)        [(None, 32, 3)]           0         
2025-04-19 21:34:50,739 INFO                                                                  
2025-04-19 21:34:50,739 INFO  dense (Dense)               (None, 32, 16)            64        
2025-04-19 21:34:50,739 INFO                                                                  
2025-04-19 21:34:50,740 INFO  linformer_transformer_bloc  (None, 32, 16)            3764      
2025-04-19 21:34:50,740 INFO  k (LinformerTransformerBlo                                      
2025-04-19 21:34:50,740 INFO  ck)                                                             
2025-04-19 21:34:50,740 INFO                                                                  
2025-04-19 21:34:50,740 INFO  aggregation_layer (Aggrega  (None, 16)                0         
2025-04-19 21:34:50,740 INFO  tionLayer)                                                      
2025-04-19 21:34:50,740 INFO                                                                  
2025-04-19 21:34:50,740 INFO  dense_3 (Dense)             (None, 16)                272       
2025-04-19 21:34:50,740 INFO                                                                  
2025-04-19 21:34:50,740 INFO  dense_4 (Dense)             (None, 5)                 85        
2025-04-19 21:34:50,740 INFO                                                                  
2025-04-19 21:34:50,740 INFO =================================================================
2025-04-19 21:34:50,741 INFO Total params: 4185 (16.35 KB)
2025-04-19 21:34:50,741 INFO Trainable params: 4185 (16.35 KB)
2025-04-19 21:34:50,741 INFO Non-trainable params: 0 (0.00 Byte)
2025-04-19 21:34:50,741 INFO _________________________________________________________________
2025-04-19 22:02:07,004 INFO Saved weights to ../runs/clusterF_noconv/32/pt/model.weights.h5
2025-04-19 22:02:07,494 INFO Saved history metrics to .npy files
2025-04-19 22:02:07,776 WARNING From /opt/conda/lib/python3.11/site-packages/tensorflow/python/profiler/internal/flops_registry.py:453: tensor_shape_from_node_def_name (from tensorflow.python.framework.graph_util_impl) is deprecated and will be removed in a future version.
Instructions for updating:
This API was designed for TensorFlow v1. See https://www.tensorflow.org/guide/migrate for instructions on how to migrate your code to TensorFlow v2.
2025-04-19 22:02:07,786 INFO FLOPs per inference: 152270
2025-04-19 22:02:08,123 INFO Avg inference time per event (ns): 3545.824
2025-04-19 22:02:08,752 INFO Validation accuracy: 0.7820
2025-04-19 22:02:09,625 INFO Saved training curves
2025-04-19 22:02:10,112 INFO 1/FPR@TPR=0.8 for g: 9.148
2025-04-19 22:02:10,112 INFO 1/FPR@TPR=0.8 for q: 8.393
2025-04-19 22:02:10,112 INFO 1/FPR@TPR=0.8 for W: 32.182
2025-04-19 22:02:10,112 INFO 1/FPR@TPR=0.8 for Z: 40.313
2025-04-19 22:02:10,112 INFO 1/FPR@TPR=0.8 for t: 24.291
2025-04-19 22:02:10,112 INFO Average 1/FPR: 22.865
