2025-04-19 23:34:50,091 INFO Starting training with args: Namespace(data_dir='/j-jepa-vol/l1-jet-id/data/jetid/processed', save_dir='../runs/baseLinformer', cluster_E=False, cluster_F=False, batch_size=4096, num_epochs=1000, d_model=16, d_ff=16, output_dim=16, num_heads=4, proj_dim=16, val_split=0.2, num_particles=150, sort_by='kt', convolution=False)
2025-04-19 23:34:50,568 INFO Loaded x shape (620000, 150, 3), y shape (620000, 5)
2025-04-19 23:34:55,887 INFO Split into train (496000, 150, 3) and val (124000, 150, 3)
2025-04-19 23:34:57,104 INFO Model: "model"
2025-04-19 23:34:57,104 INFO _________________________________________________________________
2025-04-19 23:34:57,104 INFO  Layer (type)                Output Shape              Param #   
2025-04-19 23:34:57,104 INFO =================================================================
2025-04-19 23:34:57,104 INFO  input_1 (InputLayer)        [(None, 150, 3)]          0         
2025-04-19 23:34:57,104 INFO                                                                  
2025-04-19 23:34:57,104 INFO  dense (Dense)               (None, 150, 16)           64        
2025-04-19 23:34:57,104 INFO                                                                  
2025-04-19 23:34:57,104 INFO  linformer_transformer_bloc  (None, 150, 16)           20788     
2025-04-19 23:34:57,104 INFO  k (LinformerTransformerBlo                                      
2025-04-19 23:34:57,104 INFO  ck)                                                             
2025-04-19 23:34:57,104 INFO                                                                  
2025-04-19 23:34:57,104 INFO  aggregation_layer (Aggrega  (None, 16)                0         
2025-04-19 23:34:57,104 INFO  tionLayer)                                                      
2025-04-19 23:34:57,104 INFO                                                                  
2025-04-19 23:34:57,104 INFO  dense_3 (Dense)             (None, 16)                272       
2025-04-19 23:34:57,104 INFO                                                                  
2025-04-19 23:34:57,105 INFO  dense_4 (Dense)             (None, 5)                 85        
2025-04-19 23:34:57,105 INFO                                                                  
2025-04-19 23:34:57,105 INFO =================================================================
2025-04-19 23:34:57,105 INFO Total params: 21209 (82.85 KB)
2025-04-19 23:34:57,105 INFO Trainable params: 21209 (82.85 KB)
2025-04-19 23:34:57,105 INFO Non-trainable params: 0 (0.00 Byte)
2025-04-19 23:34:57,105 INFO _________________________________________________________________
2025-04-20 00:23:23,623 INFO Saved weights to ../runs/baseLinformer/150/kt/model.weights.h5
2025-04-20 00:23:23,877 INFO Saved history metrics to .npy files
2025-04-20 00:23:24,088 WARNING From /opt/conda/lib/python3.11/site-packages/tensorflow/python/profiler/internal/flops_registry.py:453: tensor_shape_from_node_def_name (from tensorflow.python.framework.graph_util_impl) is deprecated and will be removed in a future version.
Instructions for updating:
This API was designed for TensorFlow v1. See https://www.tensorflow.org/guide/migrate for instructions on how to migrate your code to TensorFlow v2.
2025-04-20 00:23:24,094 INFO FLOPs per inference: 711118
2025-04-20 00:23:24,370 INFO Avg inference time per event (ns): 2696.649
2025-04-20 00:23:25,347 INFO Validation accuracy: 0.7995
2025-04-20 00:23:25,641 INFO Saved training curves
2025-04-20 00:23:26,319 INFO 1/FPR@TPR=0.8 for g: 11.790
2025-04-20 00:23:26,319 INFO 1/FPR@TPR=0.8 for q: 9.284
2025-04-20 00:23:26,319 INFO 1/FPR@TPR=0.8 for W: 44.824
2025-04-20 00:23:26,319 INFO 1/FPR@TPR=0.8 for Z: 59.703
2025-04-20 00:23:26,319 INFO 1/FPR@TPR=0.8 for t: 28.440
2025-04-20 00:23:26,320 INFO Average 1/FPR: 30.809
