2025-04-19 20:22:40,798 INFO Starting training with args: Namespace(data_dir='/j-jepa-vol/l1-jet-id/data/jetid/processed', save_dir='../runs/clusterF_noconv', cluster_E=False, cluster_F=True, batch_size=4096, num_epochs=1000, d_model=16, d_ff=16, output_dim=16, num_heads=4, proj_dim=16, val_split=0.2, num_particles=16, sort_by='pt', convolution=False)
2025-04-19 20:22:45,237 INFO Loaded x shape (620000, 16, 3), y shape (620000, 5)
2025-04-19 20:22:45,976 INFO Split into train (496000, 16, 3) and val (124000, 16, 3)
2025-04-19 20:22:48,349 INFO Model: "model"
2025-04-19 20:22:48,349 INFO _________________________________________________________________
2025-04-19 20:22:48,349 INFO  Layer (type)                Output Shape              Param #   
2025-04-19 20:22:48,349 INFO =================================================================
2025-04-19 20:22:48,349 INFO  input_1 (InputLayer)        [(None, 16, 3)]           0         
2025-04-19 20:22:48,349 INFO                                                                  
2025-04-19 20:22:48,350 INFO  dense (Dense)               (None, 16, 16)            64        
2025-04-19 20:22:48,350 INFO                                                                  
2025-04-19 20:22:48,350 INFO  linformer_transformer_bloc  (None, 16, 16)            2676      
2025-04-19 20:22:48,350 INFO  k (LinformerTransformerBlo                                      
2025-04-19 20:22:48,350 INFO  ck)                                                             
2025-04-19 20:22:48,350 INFO                                                                  
2025-04-19 20:22:48,350 INFO  aggregation_layer (Aggrega  (None, 16)                0         
2025-04-19 20:22:48,350 INFO  tionLayer)                                                      
2025-04-19 20:22:48,350 INFO                                                                  
2025-04-19 20:22:48,350 INFO  dense_3 (Dense)             (None, 16)                272       
2025-04-19 20:22:48,350 INFO                                                                  
2025-04-19 20:22:48,350 INFO  dense_4 (Dense)             (None, 5)                 85        
2025-04-19 20:22:48,350 INFO                                                                  
2025-04-19 20:22:48,350 INFO =================================================================
2025-04-19 20:22:48,351 INFO Total params: 3097 (12.10 KB)
2025-04-19 20:22:48,351 INFO Trainable params: 3097 (12.10 KB)
2025-04-19 20:22:48,351 INFO Non-trainable params: 0 (0.00 Byte)
2025-04-19 20:22:48,351 INFO _________________________________________________________________
2025-04-19 20:46:32,584 INFO Saved weights to ../runs/clusterF_noconv/16/pt/model.weights.h5
2025-04-19 20:46:32,805 INFO Saved history metrics to .npy files
2025-04-19 20:46:33,117 WARNING From /opt/conda/lib/python3.11/site-packages/tensorflow/python/profiler/internal/flops_registry.py:453: tensor_shape_from_node_def_name (from tensorflow.python.framework.graph_util_impl) is deprecated and will be removed in a future version.
Instructions for updating:
This API was designed for TensorFlow v1. See https://www.tensorflow.org/guide/migrate for instructions on how to migrate your code to TensorFlow v2.
2025-04-19 20:46:33,126 INFO FLOPs per inference: 76494
2025-04-19 20:46:33,457 INFO Avg inference time per event (ns): 3507.652
2025-04-19 20:46:34,005 INFO Validation accuracy: 0.7299
2025-04-19 20:46:34,609 INFO Saved training curves
2025-04-19 20:46:34,989 INFO 1/FPR@TPR=0.8 for g: 5.881
2025-04-19 20:46:34,990 INFO 1/FPR@TPR=0.8 for q: 6.637
2025-04-19 20:46:34,990 INFO 1/FPR@TPR=0.8 for W: 15.236
2025-04-19 20:46:34,990 INFO 1/FPR@TPR=0.8 for Z: 13.458
2025-04-19 20:46:34,990 INFO 1/FPR@TPR=0.8 for t: 17.351
2025-04-19 20:46:34,990 INFO Average 1/FPR: 11.713
2025-04-20 03:00:39,318 INFO Starting training with args: Namespace(data_dir='/j-jepa-vol/l1-jet-id/data/jetid/processed', save_dir='../runs/clusterF_noconv', cluster_E=False, cluster_F=True, batch_size=4096, num_epochs=1000, d_model=16, d_ff=16, output_dim=16, num_heads=4, proj_dim=16, val_split=0.2, num_particles=16, sort_by='pt', convolution=False)
2025-04-20 03:00:44,427 INFO Loaded x shape (620000, 16, 3), y shape (620000, 5)
2025-04-20 03:00:45,143 INFO Split into train (496000, 16, 3) and val (124000, 16, 3)
2025-04-20 03:00:46,891 INFO Model: "model"
2025-04-20 03:00:46,891 INFO _________________________________________________________________
2025-04-20 03:00:46,891 INFO  Layer (type)                Output Shape              Param #   
2025-04-20 03:00:46,891 INFO =================================================================
2025-04-20 03:00:46,892 INFO  input_1 (InputLayer)        [(None, 16, 3)]           0         
2025-04-20 03:00:46,892 INFO                                                                  
2025-04-20 03:00:46,892 INFO  dense (Dense)               (None, 16, 16)            64        
2025-04-20 03:00:46,892 INFO                                                                  
2025-04-20 03:00:46,892 INFO  linformer_transformer_bloc  (None, 16, 16)            2676      
2025-04-20 03:00:46,892 INFO  k (LinformerTransformerBlo                                      
2025-04-20 03:00:46,892 INFO  ck)                                                             
2025-04-20 03:00:46,892 INFO                                                                  
2025-04-20 03:00:46,892 INFO  aggregation_layer (Aggrega  (None, 16)                0         
2025-04-20 03:00:46,892 INFO  tionLayer)                                                      
2025-04-20 03:00:46,892 INFO                                                                  
2025-04-20 03:00:46,892 INFO  dense_3 (Dense)             (None, 16)                272       
2025-04-20 03:00:46,892 INFO                                                                  
2025-04-20 03:00:46,893 INFO  dense_4 (Dense)             (None, 5)                 85        
2025-04-20 03:00:46,893 INFO                                                                  
2025-04-20 03:00:46,893 INFO =================================================================
2025-04-20 03:00:46,893 INFO Total params: 3097 (12.10 KB)
2025-04-20 03:00:46,893 INFO Trainable params: 3097 (12.10 KB)
2025-04-20 03:00:46,893 INFO Non-trainable params: 0 (0.00 Byte)
2025-04-20 03:00:46,893 INFO _________________________________________________________________
2025-04-20 03:11:01,056 INFO Starting training with args: Namespace(data_dir='/j-jepa-vol/l1-jet-id/data/jetid/processed', save_dir='../runs/clusterF_noconv', cluster_E=False, cluster_F=True, batch_size=2048, num_epochs=2000, d_model=16, d_ff=16, output_dim=16, num_heads=4, proj_dim=16, val_split=0.2, num_particles=16, sort_by='pt', convolution=False)
2025-04-20 03:11:05,689 INFO Loaded x shape (620000, 16, 3), y shape (620000, 5)
2025-04-20 03:11:06,409 INFO Split into train (496000, 16, 3) and val (124000, 16, 3)
2025-04-20 03:11:08,168 INFO Model: "model"
2025-04-20 03:11:08,168 INFO _________________________________________________________________
2025-04-20 03:11:08,168 INFO  Layer (type)                Output Shape              Param #   
2025-04-20 03:11:08,168 INFO =================================================================
2025-04-20 03:11:08,168 INFO  input_1 (InputLayer)        [(None, 16, 3)]           0         
2025-04-20 03:11:08,168 INFO                                                                  
2025-04-20 03:11:08,169 INFO  dense (Dense)               (None, 16, 16)            64        
2025-04-20 03:11:08,169 INFO                                                                  
2025-04-20 03:11:08,169 INFO  linformer_transformer_bloc  (None, 16, 16)            2676      
2025-04-20 03:11:08,169 INFO  k (LinformerTransformerBlo                                      
2025-04-20 03:11:08,169 INFO  ck)                                                             
2025-04-20 03:11:08,169 INFO                                                                  
2025-04-20 03:11:08,169 INFO  aggregation_layer (Aggrega  (None, 16)                0         
2025-04-20 03:11:08,169 INFO  tionLayer)                                                      
2025-04-20 03:11:08,170 INFO                                                                  
2025-04-20 03:11:08,170 INFO  dense_3 (Dense)             (None, 16)                272       
2025-04-20 03:11:08,170 INFO                                                                  
2025-04-20 03:11:08,170 INFO  dense_4 (Dense)             (None, 5)                 85        
2025-04-20 03:11:08,170 INFO                                                                  
2025-04-20 03:11:08,170 INFO =================================================================
2025-04-20 03:11:08,171 INFO Total params: 3097 (12.10 KB)
2025-04-20 03:11:08,171 INFO Trainable params: 3097 (12.10 KB)
2025-04-20 03:11:08,171 INFO Non-trainable params: 0 (0.00 Byte)
2025-04-20 03:11:08,171 INFO _________________________________________________________________
2025-04-20 03:23:17,352 INFO Starting training with args: Namespace(data_dir='/j-jepa-vol/l1-jet-id/data/jetid/processed', save_dir='../runs/clusterF_noconv', cluster_E=False, cluster_F=True, batch_size=2048, num_epochs=2000, d_model=16, d_ff=16, output_dim=16, num_heads=4, proj_dim=16, val_split=0.2, num_particles=16, sort_by='pt', convolution=False)
2025-04-20 03:23:22,000 INFO Loaded x shape (620000, 16, 3), y shape (620000, 5)
2025-04-20 03:23:22,733 INFO Split into train (496000, 16, 3) and val (124000, 16, 3)
2025-04-20 03:23:24,444 INFO Model: "model"
2025-04-20 03:23:24,444 INFO _________________________________________________________________
2025-04-20 03:23:24,444 INFO  Layer (type)                Output Shape              Param #   
2025-04-20 03:23:24,444 INFO =================================================================
2025-04-20 03:23:24,444 INFO  input_1 (InputLayer)        [(None, 16, 3)]           0         
2025-04-20 03:23:24,444 INFO                                                                  
2025-04-20 03:23:24,444 INFO  dense (Dense)               (None, 16, 16)            64        
2025-04-20 03:23:24,444 INFO                                                                  
2025-04-20 03:23:24,444 INFO  linformer_transformer_bloc  (None, 16, 16)            2676      
2025-04-20 03:23:24,444 INFO  k (LinformerTransformerBlo                                      
2025-04-20 03:23:24,444 INFO  ck)                                                             
2025-04-20 03:23:24,444 INFO                                                                  
2025-04-20 03:23:24,445 INFO  aggregation_layer (Aggrega  (None, 16)                0         
2025-04-20 03:23:24,445 INFO  tionLayer)                                                      
2025-04-20 03:23:24,445 INFO                                                                  
2025-04-20 03:23:24,445 INFO  dense_3 (Dense)             (None, 16)                272       
2025-04-20 03:23:24,445 INFO                                                                  
2025-04-20 03:23:24,445 INFO  dense_4 (Dense)             (None, 5)                 85        
2025-04-20 03:23:24,445 INFO                                                                  
2025-04-20 03:23:24,445 INFO =================================================================
2025-04-20 03:23:24,445 INFO Total params: 3097 (12.10 KB)
2025-04-20 03:23:24,445 INFO Trainable params: 3097 (12.10 KB)
2025-04-20 03:23:24,445 INFO Non-trainable params: 0 (0.00 Byte)
2025-04-20 03:23:24,445 INFO _________________________________________________________________
